\BOOKMARK [0][-]{chapter.1}{\376\377\000P\000r\000o\000b\000a\000b\000i\000l\000i\000t\000y}{}% 1
\BOOKMARK [1][-]{section.1.1}{\376\377\000C\000o\000r\000r\000e\000l\000a\000t\000e\000d\000\040\000b\000i\000v\000a\000r\000i\000a\000t\000e\000\040\000d\000i\000s\000t\000r\000i\000b\000u\000t\000i\000o\000n}{chapter.1}% 2
\BOOKMARK [1][-]{section.1.2}{\376\377\000T\000h\000e\000\040\000c\000o\000u\000p\000o\000n\000s\000\040\000c\000o\000l\000l\000e\000c\000t\000o\000r}{chapter.1}% 3
\BOOKMARK [1][-]{section.1.3}{\376\377\000C\000h\000a\000n\000g\000e\000\040\000o\000f\000\040\000v\000a\000r\000i\000a\000b\000l\000e\000s}{chapter.1}% 4
\BOOKMARK [1][-]{section.1.4}{\376\377\000M\000i\000n\000\040\000a\000n\000d\000\040\000m\000a\000x\000\040\000c\000o\000v\000a\000r\000i\000a\000n\000c\000e}{chapter.1}% 5
\BOOKMARK [1][-]{section.1.5}{\376\377\000Q\000u\000e\000u\000e\000i\000n\000g\000\040\000t\000h\000e\000o\000r\000y\000:\000\040\000M\000/\000M\000/\0001\000/\000K}{chapter.1}% 6
\BOOKMARK [0][-]{chapter.2}{\376\377\000S\000t\000a\000t\000i\000s\000t\000i\000c\000s}{}% 7
\BOOKMARK [1][-]{section.2.1}{\376\377\000E\000s\000t\000i\000m\000a\000t\000i\000n\000g\000\040\000t\000h\000e\000\040\000s\000u\000p\000p\000o\000r\000t\000\040\000o\000f\000\040\000a\000n\000\040\000u\000n\000i\000f\000o\000r\000m\000\040\000l\000a\000w}{chapter.2}% 8
\BOOKMARK [1][-]{section.2.2}{\376\377\000E\000s\000t\000i\000m\000a\000t\000i\000n\000g\000\040\000p\000a\000r\000a\000m\000e\000t\000e\000r\000s\000\040\000f\000r\000o\000m\000\040\000n\000o\000r\000m\000a\000l\000\040\000o\000b\000s\000e\000r\000v\000a\000t\000i\000o\000n\000s}{chapter.2}% 9
\BOOKMARK [1][-]{section.2.3}{\376\377\000B\000u\000i\000l\000d\000i\000n\000g\000\040\000a\000\040\000s\000t\000a\000t\000i\000s\000t\000i\000c\000a\000l\000\040\000t\000e\000s\000t}{chapter.2}% 10
\BOOKMARK [0][-]{chapter.3}{\376\377\000M\000a\000c\000h\000i\000n\000e\000\040\000l\000e\000a\000r\000n\000i\000n\000g}{}% 11
\BOOKMARK [1][-]{section.3.1}{\376\377\000L\000i\000n\000e\000a\000r\000\040\000r\000e\000g\000r\000e\000s\000s\000i\000o\000n}{chapter.3}% 12
\BOOKMARK [1][-]{section.3.2}{\376\377\000L\000A\000S\000S\000O\000\040\000e\000s\000t\000i\000m\000a\000t\000o\000r}{chapter.3}% 13
\BOOKMARK [1][-]{section.3.3}{\376\377\000B\000a\000y\000e\000s\000\040\000c\000l\000a\000s\000s\000i\000f\000i\000e\000r}{chapter.3}% 14
\BOOKMARK [0][-]{chapter.4}{\376\377\000S\000t\000o\000c\000h\000a\000s\000t\000i\000c\000\040\000c\000a\000l\000c\000u\000l\000u\000s}{}% 15
\BOOKMARK [1][-]{section.4.1}{\376\377\000R\000e\000c\000u\000r\000r\000e\000n\000c\000e\000\040\000o\000f\000\040\000a\000\040\000d\000i\000f\000f\000u\000s\000i\000o\000n\000\040\000p\000r\000o\000c\000e\000s\000s}{chapter.4}% 16
\BOOKMARK [1][-]{section.4.2}{\376\377\000H\000e\000s\000t\000o\000n\000\040\000m\000o\000d\000e\000l}{chapter.4}% 17
\BOOKMARK [0][-]{chapter.5}{\376\377\000F\000i\000n\000a\000n\000c\000e}{}% 18
\BOOKMARK [1][-]{section.5.1}{\376\377\000A\000r\000o\000u\000n\000d\000\040\000v\000a\000r\000i\000a\000n\000c\000e\000\040\000s\000w\000a\000p\000s}{chapter.5}% 19
\BOOKMARK [1][-]{section.5.2}{\376\377\000I\000n\000t\000e\000r\000e\000s\000t\000\040\000r\000a\000t\000e\000s\000\040\000m\000o\000d\000e\000l\000s}{chapter.5}% 20
\BOOKMARK [1][-]{section.5.3}{\376\377\000O\000p\000t\000i\000o\000n\000s\000\040\000P\000\046\000L\000\040\000a\000t\000t\000r\000i\000b\000u\000t\000i\000o\000n}{chapter.5}% 21
\BOOKMARK [1][-]{section.5.4}{\376\377\000P\000r\000i\000c\000i\000n\000g\000\040\000a\000\040\000c\000l\000i\000q\000u\000e\000t\000\040\000o\000p\000t\000i\000o\000n\000\040\000w\000i\000t\000h\000\040\000c\000h\000a\000n\000g\000e\000\040\000o\000f\000\040\000n\000u\000m\000\351\000r\000a\000i\000r\000e}{chapter.5}% 22
\BOOKMARK [1][-]{section.5.5}{\376\377\000D\000u\000p\000i\000r\000e\000\040\000f\000o\000r\000m\000u\000l\000a\000\040\000f\000o\000r\000\040\000l\000o\000c\000a\000l\000\040\000v\000o\000l\000a\000t\000i\000l\000i\000t\000y}{chapter.5}% 23
\BOOKMARK [1][-]{section.5.6}{\376\377\000L\000e\000v\000e\000r\000a\000g\000e\000d\000\040\000E\000T\000F\000s\000\040\000a\000n\000d\000\040\000v\000o\000l\000a\000t\000i\000l\000i\000t\000y\000\040\000d\000r\000a\000g}{chapter.5}% 24
\BOOKMARK [0][-]{chapter.6}{\376\377\000C\000o\000m\000p\000u\000t\000e\000r\000\040\000s\000c\000i\000e\000n\000c\000e}{}% 25
\BOOKMARK [1][-]{section.6.1}{\376\377\000G\000e\000n\000e\000r\000a\000t\000i\000n\000g\000\040\000r\000a\000n\000d\000o\000m\000\040\000v\000a\000r\000i\000a\000b\000l\000e\000s}{chapter.6}% 26
\BOOKMARK [1][-]{section.6.2}{\376\377\000U\000s\000i\000n\000g\000\040\000g\000i\000t}{chapter.6}% 27
\BOOKMARK [1][-]{section.6.3}{\376\377\000A\000u\000t\000o\000m\000a\000t\000i\000c\000\040\000d\000i\000f\000f\000e\000r\000e\000n\000t\000i\000a\000t\000i\000o\000n}{chapter.6}% 28
\BOOKMARK [1][-]{section.6.4}{\376\377\000C\000u\000r\000r\000e\000n\000c\000y\000\040\000a\000r\000b\000i\000t\000r\000a\000g\000e}{chapter.6}% 29
\BOOKMARK [0][-]{chapter*.42}{\376\377\000R\000e\000f\000e\000r\000e\000n\000c\000e\000s}{}% 30
